Using pre-set license
Built from '2021.1/release' branch; Version is '2021.1.16f1 (5fa502fca597) revision 6268162'; Using compiler version '192528614'; Build Type 'Release'
OS: 'Windows 10 Home; OS build 19043.1348; Version 2009; 64bit' Language: 'pl' Physical Memory: 16236 MB
BatchMode: 1, IsHumanControllingUs: 0, StartBugReporterOnCrash: 0, Is64bit: 1, IsPro: 0

 COMMAND LINE ARGUMENTS:
D:\Program Files\Unity\2021.1.16f1\Editor\Unity.exe
-adb2
-batchMode
-noUpm
-name
AssetImportWorker0
-projectPath
D:/DeadBall/DeadBallRogueLike/DeadBall-main/DeadBall-main/DeadBallProject
-logFile
Logs/AssetImportWorker0.log
-srvPort
51212
Successfully changed project path to: D:/DeadBall/DeadBallRogueLike/DeadBall-main/DeadBall-main/DeadBallProject
D:/DeadBall/DeadBallRogueLike/DeadBall-main/DeadBall-main/DeadBallProject
Using Asset Import Pipeline V2.
Refreshing native plugins compatible for Editor in 62.32 ms, found 3 plugins.
Preloading 0 native plugins for Editor in 0.00 ms.
Initialize engine version: 2021.1.16f1 (5fa502fca597)
[Subsystems] Discovering subsystems at path D:/Program Files/Unity/2021.1.16f1/Editor/Data/Resources/UnitySubsystems
[Subsystems] Discovering subsystems at path D:/DeadBall/DeadBallRogueLike/DeadBall-main/DeadBall-main/DeadBallProject/Assets
GfxDevice: creating device client; threaded=0; jobified=0
Direct3D:
    Version:  Direct3D 11.0 [level 11.1]
    Renderer: NVIDIA GeForce RTX 3060 Laptop GPU (ID=0x2560)
    Vendor:   NVIDIA
    VRAM:     6023 MB
    Driver:   30.0.14.7212
Initialize mono
Mono path[0] = 'D:/Program Files/Unity/2021.1.16f1/Editor/Data/Managed'
Mono path[1] = 'D:/Program Files/Unity/2021.1.16f1/Editor/Data/MonoBleedingEdge/lib/mono/unityjit'
Mono config path = 'D:/Program Files/Unity/2021.1.16f1/Editor/Data/MonoBleedingEdge/etc'
Using monoOptions --debugger-agent=transport=dt_socket,embedding=1,server=y,suspend=n,address=127.0.0.1:56728
Begin MonoManager ReloadAssembly
Registering precompiled unity dll's ...
Register platform support module: D:/Program Files/Unity/2021.1.16f1/Editor/Data/PlaybackEngines/WebGLSupport/UnityEditor.WebGL.Extensions.dll
Register platform support module: D:/Program Files/Unity/2021.1.16f1/Editor/Data/PlaybackEngines/WindowsStandaloneSupport/UnityEditor.WindowsStandalone.Extensions.dll
Registered in 0.003730 seconds.
Native extension for WindowsStandalone target not found
Native extension for WebGL target not found
Refreshing native plugins compatible for Editor in 57.88 ms, found 3 plugins.
Preloading 0 native plugins for Editor in 0.00 ms.
Mono: successfully reloaded assembly
- Completed reload, in  2.069 seconds
Domain Reload Profiling:
	ReloadAssembly (2069ms)
		BeginReloadAssembly (77ms)
			ExecutionOrderSort (0ms)
			DisableScriptedObjects (0ms)
			BackupInstance (0ms)
			ReleaseScriptingObjects (0ms)
			CreateAndSetChildDomain (1ms)
		EndReloadAssembly (360ms)
			LoadAssemblies (73ms)
			RebuildTransferFunctionScriptingTraits (0ms)
			SetupTypeCache (119ms)
			ReleaseScriptCaches (0ms)
			RebuildScriptCaches (21ms)
			SetupLoadedEditorAssemblies (175ms)
				LogAssemblyErrors (0ms)
				InitializePlatformSupportModulesInManaged (6ms)
				SetLoadedEditorAssemblies (0ms)
				RefreshPlugins (58ms)
				BeforeProcessingInitializeOnLoad (1ms)
				ProcessInitializeOnLoadAttributes (84ms)
				ProcessInitializeOnLoadMethodAttributes (25ms)
				AfterProcessingInitializeOnLoad (0ms)
				EditorAssembliesLoaded (0ms)
			ExecutionOrderSort2 (0ms)
			AwakeInstancesAfterBackupRestoration (0ms)
Platform modules already initialized, skipping
Registering precompiled user dll's ...
Registered in 0.005927 seconds.
Begin MonoManager ReloadAssembly
Native extension for WindowsStandalone target not found
Native extension for WebGL target not found
Refreshing native plugins compatible for Editor in 61.22 ms, found 3 plugins.
Preloading 0 native plugins for Editor in 0.00 ms.
Mono: successfully reloaded assembly
- Completed reload, in  1.173 seconds
Domain Reload Profiling:
	ReloadAssembly (1174ms)
		BeginReloadAssembly (150ms)
			ExecutionOrderSort (0ms)
			DisableScriptedObjects (4ms)
			BackupInstance (0ms)
			ReleaseScriptingObjects (0ms)
			CreateAndSetChildDomain (20ms)
		EndReloadAssembly (962ms)
			LoadAssemblies (113ms)
			RebuildTransferFunctionScriptingTraits (0ms)
			SetupTypeCache (275ms)
			ReleaseScriptCaches (1ms)
			RebuildScriptCaches (42ms)
			SetupLoadedEditorAssemblies (470ms)
				LogAssemblyErrors (0ms)
				InitializePlatformSupportModulesInManaged (5ms)
				SetLoadedEditorAssemblies (0ms)
				RefreshPlugins (61ms)
				BeforeProcessingInitializeOnLoad (93ms)
				ProcessInitializeOnLoadAttributes (286ms)
				ProcessInitializeOnLoadMethodAttributes (15ms)
				AfterProcessingInitializeOnLoad (10ms)
				EditorAssembliesLoaded (0ms)
			ExecutionOrderSort2 (0ms)
			AwakeInstancesAfterBackupRestoration (6ms)
Platform modules already initialized, skipping
========================================================================
Worker process is ready to serve import requests
Launched and connected shader compiler UnityShaderCompiler.exe after 0.04 seconds
Refreshing native plugins compatible for Editor in 1.58 ms, found 3 plugins.
Preloading 0 native plugins for Editor in 0.00 ms.
Unloading 3449 Unused Serialized files (Serialized files now loaded: 0)
System memory in use before: 157.7 MB.
System memory in use after: 157.9 MB.

Unloading 28 unused Assets to reduce memory usage. Loaded Objects now: 3911.
Total: 5.198800 ms (FindLiveObjects: 0.682000 ms CreateObjectMapping: 0.286200 ms MarkObjects: 4.124000 ms  DeleteObjects: 0.104800 ms)

AssetImportParameters requested are different than current active one (requested -> active):
  custom:framework-win-MediaFoundation: 216162199b28c13a410421893ffa2e32 -> 
  custom:video-decoder-ogg-theora: a1e56fd34408186e4bbccfd4996cb3dc -> 
  custom:container-muxer-webm: aa71ff27fc2769a1b78a27578f13a17b -> 
  custom:container-demuxer-webm: 4f35f7cbe854078d1ac9338744f61a02 -> 
  custom:container-demuxer-ogg: 62fdf1f143b41e24485cea50d1cbac27 -> 
  custom:video-encoder-webm-vp8: eb34c28f22e8b96e1ab97ce403110664 -> 
  custom:video-decoder-webm-vp8: 9c59270c3fd7afecdb556c50c9e8de78 -> 
  custom:audio-decoder-ogg-vorbis: bf7c407c2cedff20999df2af8eb42d56 -> 
  custom:audio-encoder-webm-vorbis: bf7c407c2cedff20999df2af8eb42d56 -> 
========================================================================
Received Import Request.
  path: Assets/Scripts/Cover.cs
  artifactKey: Guid(76b027514aadb344a96c019cb4e5fa03) Importer(815301076,1909f56bfc062723c751e8b465ee728b)
Start importing Assets/Scripts/Cover.cs using Guid(76b027514aadb344a96c019cb4e5fa03) Importer(815301076,1909f56bfc062723c751e8b465ee728b)  -> (artifact id: '65ee72fe3533c97306b5000117e05536') in 0.047822 seconds 
========================================================================
Received Import Request.
  Time since last request: 0.000186 seconds.
  path: Assets/Bomb.cs
  artifactKey: Guid(bfb283ac340c85047bc67f483f1a8707) Importer(815301076,1909f56bfc062723c751e8b465ee728b)
Start importing Assets/Bomb.cs using Guid(bfb283ac340c85047bc67f483f1a8707) Importer(815301076,1909f56bfc062723c751e8b465ee728b)  -> (artifact id: '0bf7344ea35da30739f431502d589e34') in 0.005745 seconds 
========================================================================
Received Import Request.
  Time since last request: 0.950092 seconds.
  path: Assets/MainMusic.cs
  artifactKey: Guid(56c61debb39df984bb67732ef52ece90) Importer(815301076,1909f56bfc062723c751e8b465ee728b)
Start importing Assets/MainMusic.cs using Guid(56c61debb39df984bb67732ef52ece90) Importer(815301076,1909f56bfc062723c751e8b465ee728b)  -> (artifact id: '9aff11430e33f7305b2f0b460c15acbb') in 0.006011 seconds 
========================================================================
Received Import Request.
  Time since last request: 1.432772 seconds.
  path: Assets/StopLight.cs
  artifactKey: Guid(85372e9fa3965e8428b86f2cb13402d7) Importer(815301076,1909f56bfc062723c751e8b465ee728b)
Start importing Assets/StopLight.cs using Guid(85372e9fa3965e8428b86f2cb13402d7) Importer(815301076,1909f56bfc062723c751e8b465ee728b)  -> (artifact id: '98ed425634c1d064d35b77afe73112fc') in 0.006661 seconds 
========================================================================
Received Import Request.
  Time since last request: 0.413866 seconds.
  path: Assets/SpinnerShard.cs
  artifactKey: Guid(d285f33ae3ae3e749a93ee0342f28b52) Importer(815301076,1909f56bfc062723c751e8b465ee728b)
Start importing Assets/SpinnerShard.cs using Guid(d285f33ae3ae3e749a93ee0342f28b52) Importer(815301076,1909f56bfc062723c751e8b465ee728b)  -> (artifact id: 'c102b69b03c02ed4df4f973edda8b77e') in 0.006411 seconds 
========================================================================
Received Import Request.
  Time since last request: 0.421383 seconds.
  path: Assets/Healing.cs
  artifactKey: Guid(0a218a94205a1244387b246a9e94c9ef) Importer(815301076,1909f56bfc062723c751e8b465ee728b)
Start importing Assets/Healing.cs using Guid(0a218a94205a1244387b246a9e94c9ef) Importer(815301076,1909f56bfc062723c751e8b465ee728b)  -> (artifact id: '286e7ff81633e7a31989111cee513af9') in 0.006361 seconds 
========================================================================
Received Import Request.
  Time since last request: 0.376958 seconds.
  path: Assets/loseHealthImage.cs
  artifactKey: Guid(6d9388c962d066d4288d64b8b6e301d4) Importer(815301076,1909f56bfc062723c751e8b465ee728b)
Start importing Assets/loseHealthImage.cs using Guid(6d9388c962d066d4288d64b8b6e301d4) Importer(815301076,1909f56bfc062723c751e8b465ee728b)  -> (artifact id: 'aa042c4b6b4a973593c80bdd9bdc0922') in 0.007366 seconds 
========================================================================
Received Prepare
Refreshing native plugins compatible for Editor in 34.21 ms, found 3 plugins.
Preloading 0 native plugins for Editor in 0.00 ms.
Unloading 14 Unused Serialized files (Serialized files now loaded: 0)
System memory in use before: 80.9 MB.
System memory in use after: 81.1 MB.

Unloading 14 unused Assets to reduce memory usage. Loaded Objects now: 3911.
Total: 20.138200 ms (FindLiveObjects: 1.444500 ms CreateObjectMapping: 0.733600 ms MarkObjects: 17.911500 ms  DeleteObjects: 0.046100 ms)

AssetImportParameters requested are different than current active one (requested -> active):
  custom:framework-win-MediaFoundation: 216162199b28c13a410421893ffa2e32 -> 
  custom:video-decoder-ogg-theora: a1e56fd34408186e4bbccfd4996cb3dc -> 
  custom:container-muxer-webm: aa71ff27fc2769a1b78a27578f13a17b -> 
  custom:container-demuxer-webm: 4f35f7cbe854078d1ac9338744f61a02 -> 
  custom:container-demuxer-ogg: 62fdf1f143b41e24485cea50d1cbac27 -> 
  custom:video-encoder-webm-vp8: eb34c28f22e8b96e1ab97ce403110664 -> 
  custom:video-decoder-webm-vp8: 9c59270c3fd7afecdb556c50c9e8de78 -> 
  custom:audio-decoder-ogg-vorbis: bf7c407c2cedff20999df2af8eb42d56 -> 
  custom:audio-encoder-webm-vorbis: bf7c407c2cedff20999df2af8eb42d56 -> 
========================================================================
Received Prepare
Registering precompiled user dll's ...
Registered in 0.006063 seconds.
Begin MonoManager ReloadAssembly
Native extension for WindowsStandalone target not found
Native extension for WebGL target not found
Refreshing native plugins compatible for Editor in 0.70 ms, found 3 plugins.
Preloading 0 native plugins for Editor in 0.00 ms.
Mono: successfully reloaded assembly
- Completed reload, in  1.360 seconds
Domain Reload Profiling:
	ReloadAssembly (1360ms)
		BeginReloadAssembly (142ms)
			ExecutionOrderSort (0ms)
			DisableScriptedObjects (5ms)
			BackupInstance (0ms)
			ReleaseScriptingObjects (0ms)
			CreateAndSetChildDomain (37ms)
		EndReloadAssembly (1159ms)
			LoadAssemblies (111ms)
			RebuildTransferFunctionScriptingTraits (0ms)
			SetupTypeCache (253ms)
			ReleaseScriptCaches (1ms)
			RebuildScriptCaches (34ms)
			SetupLoadedEditorAssemblies (689ms)
				LogAssemblyErrors (0ms)
				InitializePlatformSupportModulesInManaged (5ms)
				SetLoadedEditorAssemblies (0ms)
				RefreshPlugins (1ms)
				BeforeProcessingInitializeOnLoad (393ms)
				ProcessInitializeOnLoadAttributes (272ms)
				ProcessInitializeOnLoadMethodAttributes (7ms)
				AfterProcessingInitializeOnLoad (11ms)
				EditorAssembliesLoaded (0ms)
			ExecutionOrderSort2 (0ms)
			AwakeInstancesAfterBackupRestoration (10ms)
Platform modules already initialized, skipping
Refreshing native plugins compatible for Editor in 1.70 ms, found 3 plugins.
Preloading 0 native plugins for Editor in 0.00 ms.
Unloading 3294 Unused Serialized files (Serialized files now loaded: 0)
System memory in use before: 146.1 MB.
System memory in use after: 146.3 MB.

Unloading 16 unused Assets to reduce memory usage. Loaded Objects now: 3915.
Total: 5.997600 ms (FindLiveObjects: 0.356700 ms CreateObjectMapping: 0.224400 ms MarkObjects: 5.388500 ms  DeleteObjects: 0.025400 ms)

AssetImportParameters requested are different than current active one (requested -> active):
  custom:framework-win-MediaFoundation: 216162199b28c13a410421893ffa2e32 -> 
  custom:video-decoder-ogg-theora: a1e56fd34408186e4bbccfd4996cb3dc -> 
  custom:container-muxer-webm: aa71ff27fc2769a1b78a27578f13a17b -> 
  custom:container-demuxer-webm: 4f35f7cbe854078d1ac9338744f61a02 -> 
  custom:container-demuxer-ogg: 62fdf1f143b41e24485cea50d1cbac27 -> 
  custom:video-encoder-webm-vp8: eb34c28f22e8b96e1ab97ce403110664 -> 
  custom:video-decoder-webm-vp8: 9c59270c3fd7afecdb556c50c9e8de78 -> 
  custom:audio-decoder-ogg-vorbis: bf7c407c2cedff20999df2af8eb42d56 -> 
  custom:audio-encoder-webm-vorbis: bf7c407c2cedff20999df2af8eb42d56 -> 
========================================================================
Received Import Request.
  Time since last request: 54.850561 seconds.
  path: Assets/CasualGameSounds/mixkit-electronic-retro-block-hit-2185.wav
  artifactKey: Guid(ec41a9c08ea45cb4dad78447d1936ff4) Importer(815301076,1909f56bfc062723c751e8b465ee728b)
Start importing Assets/CasualGameSounds/mixkit-electronic-retro-block-hit-2185.wav using Guid(ec41a9c08ea45cb4dad78447d1936ff4) Importer(815301076,1909f56bfc062723c751e8b465ee728b)  -> (artifact id: '3763dfa0d7ba678ee99413d1a895f06e') in 0.090966 seconds 
========================================================================
Received Import Request.
  Time since last request: 0.000166 seconds.
  path: Assets/CasualGameSounds/mixkit-soccer-ball-quick-kick-2108.wav
  artifactKey: Guid(417ea1e39c6661542aa909aca0cab07c) Importer(815301076,1909f56bfc062723c751e8b465ee728b)
Start importing Assets/CasualGameSounds/mixkit-soccer-ball-quick-kick-2108.wav using Guid(417ea1e39c6661542aa909aca0cab07c) Importer(815301076,1909f56bfc062723c751e8b465ee728b)  -> (artifact id: '8baa71fdc31757c977499654049201c0') in 0.199498 seconds 
========================================================================
Received Import Request.
  Time since last request: 0.012741 seconds.
  path: Assets/CasualGameSounds/mixkit-hitting-soccer-ball-2112.wav
  artifactKey: Guid(d2169ca291f0a5548bdc661882515ac5) Importer(815301076,1909f56bfc062723c751e8b465ee728b)
Start importing Assets/CasualGameSounds/mixkit-hitting-soccer-ball-2112.wav using Guid(d2169ca291f0a5548bdc661882515ac5) Importer(815301076,1909f56bfc062723c751e8b465ee728b)  -> (artifact id: 'ce843ddc0d3474b898a52f914aa0ca4c') in 0.024286 seconds 
========================================================================
Received Import Request.
  Time since last request: 14.391125 seconds.
  path: Assets/Scenes/RandomMode/Global Volume Profile.asset
  artifactKey: Guid(de4e1dda7ee8ad247a0836fa65255905) Importer(815301076,1909f56bfc062723c751e8b465ee728b)
Start importing Assets/Scenes/RandomMode/Global Volume Profile.asset using Guid(de4e1dda7ee8ad247a0836fa65255905) Importer(815301076,1909f56bfc062723c751e8b465ee728b)  -> (artifact id: '9036b7894761eb903d1fd648753f1f53') in 0.018055 seconds 
========================================================================
Received Import Request.
  Time since last request: 15.021333 seconds.
  path: Assets/Sprites
  artifactKey: Guid(fe02c878453f2f647a21ebaa2566f27a) Importer(815301076,1909f56bfc062723c751e8b465ee728b)
Start importing Assets/Sprites using Guid(fe02c878453f2f647a21ebaa2566f27a) Importer(815301076,1909f56bfc062723c751e8b465ee728b)  -> (artifact id: '7b5f855ce7870a1a7ba4263383736db6') in 0.034896 seconds 
========================================================================
Received Import Request.
  Time since last request: 23.614419 seconds.
  path: Assets/Scenes/Start.anim
  artifactKey: Guid(a16b03730332d3d41accdc46e35b928e) Importer(815301076,1909f56bfc062723c751e8b465ee728b)
Start importing Assets/Scenes/Start.anim using Guid(a16b03730332d3d41accdc46e35b928e) Importer(815301076,1909f56bfc062723c751e8b465ee728b)  -> (artifact id: '2179fcb3168c592f7c10632b96f392c8') in 0.007567 seconds 
========================================================================
Received Import Request.
  Time since last request: 1.899376 seconds.
  path: Assets/Scenes/Panel.controller
  artifactKey: Guid(bcdf5d8c3511a0e448c664fbbb8b2556) Importer(815301076,1909f56bfc062723c751e8b465ee728b)
Start importing Assets/Scenes/Panel.controller using Guid(bcdf5d8c3511a0e448c664fbbb8b2556) Importer(815301076,1909f56bfc062723c751e8b465ee728b)  -> (artifact id: '36e15d2d5a5dd72c75878c9a539d26d5') in 0.008755 seconds 
========================================================================
Received Import Request.
  Time since last request: 7.787035 seconds.
  path: Assets/Animations
  artifactKey: Guid(a43b9c7aff6689f44ac3f440e4d3fe8f) Importer(815301076,1909f56bfc062723c751e8b465ee728b)
Start importing Assets/Animations using Guid(a43b9c7aff6689f44ac3f440e4d3fe8f) Importer(815301076,1909f56bfc062723c751e8b465ee728b)  -> (artifact id: '8a3f3aa948472d90060c2abd7d6c0e12') in 0.026977 seconds 
========================================================================
Received Prepare
Registering precompiled user dll's ...
Registered in 0.005735 seconds.
Begin MonoManager ReloadAssembly
Native extension for WindowsStandalone target not found
Native extension for WebGL target not found
Refreshing native plugins compatible for Editor in 0.75 ms, found 3 plugins.
Preloading 0 native plugins for Editor in 0.00 ms.
Mono: successfully reloaded assembly
- Completed reload, in  1.128 seconds
Domain Reload Profiling:
	ReloadAssembly (1128ms)
		BeginReloadAssembly (159ms)
			ExecutionOrderSort (0ms)
			DisableScriptedObjects (6ms)
			BackupInstance (0ms)
			ReleaseScriptingObjects (0ms)
			CreateAndSetChildDomain (42ms)
		EndReloadAssembly (902ms)
			LoadAssemblies (130ms)
			RebuildTransferFunctionScriptingTraits (0ms)
			SetupTypeCache (268ms)
			ReleaseScriptCaches (1ms)
			RebuildScriptCaches (38ms)
			SetupLoadedEditorAssemblies (380ms)
				LogAssemblyErrors (0ms)
				InitializePlatformSupportModulesInManaged (6ms)
				SetLoadedEditorAssemblies (0ms)
				RefreshPlugins (1ms)
				BeforeProcessingInitializeOnLoad (83ms)
				ProcessInitializeOnLoadAttributes (271ms)
				ProcessInitializeOnLoadMethodAttributes (7ms)
				AfterProcessingInitializeOnLoad (11ms)
				EditorAssembliesLoaded (0ms)
			ExecutionOrderSort2 (0ms)
			AwakeInstancesAfterBackupRestoration (11ms)
Platform modules already initialized, skipping
Refreshing native plugins compatible for Editor in 1.61 ms, found 3 plugins.
Preloading 0 native plugins for Editor in 0.00 ms.
Unloading 3294 Unused Serialized files (Serialized files now loaded: 0)
System memory in use before: 150.3 MB.
System memory in use after: 150.6 MB.

Unloading 16 unused Assets to reduce memory usage. Loaded Objects now: 3928.
Total: 5.962500 ms (FindLiveObjects: 0.351700 ms CreateObjectMapping: 0.418200 ms MarkObjects: 5.154300 ms  DeleteObjects: 0.036600 ms)

AssetImportParameters requested are different than current active one (requested -> active):
  custom:framework-win-MediaFoundation: 216162199b28c13a410421893ffa2e32 -> 
  custom:video-decoder-ogg-theora: a1e56fd34408186e4bbccfd4996cb3dc -> 
  custom:container-muxer-webm: aa71ff27fc2769a1b78a27578f13a17b -> 
  custom:container-demuxer-webm: 4f35f7cbe854078d1ac9338744f61a02 -> 
  custom:container-demuxer-ogg: 62fdf1f143b41e24485cea50d1cbac27 -> 
  custom:video-encoder-webm-vp8: eb34c28f22e8b96e1ab97ce403110664 -> 
  custom:video-decoder-webm-vp8: 9c59270c3fd7afecdb556c50c9e8de78 -> 
  custom:audio-decoder-ogg-vorbis: bf7c407c2cedff20999df2af8eb42d56 -> 
  custom:audio-encoder-webm-vorbis: bf7c407c2cedff20999df2af8eb42d56 -> 
========================================================================
Received Import Request.
  Time since last request: 27.227893 seconds.
  path: Assets/Prefabs/Blockades/Cover 1.prefab
  artifactKey: Guid(a7204929cbb45cb438f41dd04f97b162) Importer(815301076,1909f56bfc062723c751e8b465ee728b)
Start importing Assets/Prefabs/Blockades/Cover 1.prefab using Guid(a7204929cbb45cb438f41dd04f97b162) Importer(815301076,1909f56bfc062723c751e8b465ee728b)  -> (artifact id: '33d9e87bf4ea7dcbf12ac8daa29726c4') in 0.152893 seconds 
========================================================================
Received Import Request.
  Time since last request: 5.022556 seconds.
  path: Assets/Prefabs/Pitches/SquereDown.prefab
  artifactKey: Guid(adc16f7678f2cbd428aa3dfeb4e945b0) Importer(815301076,1909f56bfc062723c751e8b465ee728b)
Start importing Assets/Prefabs/Pitches/SquereDown.prefab using Guid(adc16f7678f2cbd428aa3dfeb4e945b0) Importer(815301076,1909f56bfc062723c751e8b465ee728b)  -> (artifact id: '8fb39eafd326b5d6e1b91b0b52a0e588') in 0.031441 seconds 
========================================================================
Received Import Request.
  Time since last request: 0.000201 seconds.
  path: Assets/Prefabs/Pitches/SquereRight.prefab
  artifactKey: Guid(936ad7d7fd41ad04795a9f174f3b73ae) Importer(815301076,1909f56bfc062723c751e8b465ee728b)
Start importing Assets/Prefabs/Pitches/SquereRight.prefab using Guid(936ad7d7fd41ad04795a9f174f3b73ae) Importer(815301076,1909f56bfc062723c751e8b465ee728b)  -> (artifact id: '082aae66ef7f84146203f5dfc95cdc47') in 0.031603 seconds 
========================================================================
Received Import Request.
  Time since last request: 0.000168 seconds.
  path: Assets/Prefabs/Pitches/SquereLeft.prefab
  artifactKey: Guid(78f190c81d853344aa5b0abd5e6ff496) Importer(815301076,1909f56bfc062723c751e8b465ee728b)
Start importing Assets/Prefabs/Pitches/SquereLeft.prefab using Guid(78f190c81d853344aa5b0abd5e6ff496) Importer(815301076,1909f56bfc062723c751e8b465ee728b)  -> (artifact id: '982066897be732aefd79df693f6e653b') in 0.026836 seconds 
========================================================================
Received Import Request.
  Time since last request: 0.000229 seconds.
  path: Assets/Prefabs/Pitches/SquereUP.prefab
  artifactKey: Guid(c594f037bd386304a960975054728534) Importer(815301076,1909f56bfc062723c751e8b465ee728b)
Start importing Assets/Prefabs/Pitches/SquereUP.prefab using Guid(c594f037bd386304a960975054728534) Importer(815301076,1909f56bfc062723c751e8b465ee728b)  -> (artifact id: '096c3884452b8fa13e13b13e2d874142') in 0.026973 seconds 
========================================================================
Received Import Request.
  Time since last request: 40.248023 seconds.
  path: Assets/Prefabs/Player
  artifactKey: Guid(cd663967b5a97a440b0dd5bf536da05a) Importer(815301076,1909f56bfc062723c751e8b465ee728b)
Start importing Assets/Prefabs/Player using Guid(cd663967b5a97a440b0dd5bf536da05a) Importer(815301076,1909f56bfc062723c751e8b465ee728b)  -> (artifact id: '77d73e616271de5504135fb82ff10afb') in 0.005667 seconds 
========================================================================
Received Import Request.
  Time since last request: 69.550606 seconds.
  path: Assets/Prefabs/Player/Fonts
  artifactKey: Guid(13903e177bf47d4488348d918b096a3d) Importer(815301076,1909f56bfc062723c751e8b465ee728b)
Start importing Assets/Prefabs/Player/Fonts using Guid(13903e177bf47d4488348d918b096a3d) Importer(815301076,1909f56bfc062723c751e8b465ee728b)  -> (artifact id: '6afefa5c74cd3230ffd89fb943177571') in 0.006641 seconds 
========================================================================
Received Import Request.
  Time since last request: 20.241366 seconds.
  path: Assets/PE2D
  artifactKey: Guid(1e5bbf061d4d6b5428e2deb640815a65) Importer(815301076,1909f56bfc062723c751e8b465ee728b)
Start importing Assets/PE2D using Guid(1e5bbf061d4d6b5428e2deb640815a65) Importer(815301076,1909f56bfc062723c751e8b465ee728b)  -> (artifact id: '4d3fb47ff8e10cd16eb4bd397e86de3b') in 0.006012 seconds 
========================================================================
Received Import Request.
  Time since last request: 8.801994 seconds.
  path: Assets/Neons
  artifactKey: Guid(0f4e355d78c464c458ca99fe1785edda) Importer(815301076,1909f56bfc062723c751e8b465ee728b)
Start importing Assets/Neons using Guid(0f4e355d78c464c458ca99fe1785edda) Importer(815301076,1909f56bfc062723c751e8b465ee728b)  -> (artifact id: '0a1db819af7d32c6c74b1ad3f63fac6e') in 0.009149 seconds 
========================================================================
Received Import Request.
  Time since last request: 41.328135 seconds.
  path: Assets/Scripts/Enemies/EnemyBullet.cs
  artifactKey: Guid(8050b0c270485724994ef871b7bfb45e) Importer(815301076,1909f56bfc062723c751e8b465ee728b)
Start importing Assets/Scripts/Enemies/EnemyBullet.cs using Guid(8050b0c270485724994ef871b7bfb45e) Importer(815301076,1909f56bfc062723c751e8b465ee728b)  -> (artifact id: '0de81937756825c1a7ef3cff0c5df4be') in 0.005921 seconds 
========================================================================
Received Prepare
Registering precompiled user dll's ...
Registered in 0.005425 seconds.
Begin MonoManager ReloadAssembly
Native extension for WindowsStandalone target not found
Native extension for WebGL target not found
Refreshing native plugins compatible for Editor in 0.71 ms, found 3 plugins.
Preloading 0 native plugins for Editor in 0.00 ms.
Mono: successfully reloaded assembly
- Completed reload, in  1.394 seconds
Domain Reload Profiling:
	ReloadAssembly (1394ms)
		BeginReloadAssembly (154ms)
			ExecutionOrderSort (0ms)
			DisableScriptedObjects (7ms)
			BackupInstance (0ms)
			ReleaseScriptingObjects (0ms)
			CreateAndSetChildDomain (39ms)
		EndReloadAssembly (875ms)
			LoadAssemblies (118ms)
			RebuildTransferFunctionScriptingTraits (0ms)
			SetupTypeCache (256ms)
			ReleaseScriptCaches (1ms)
			RebuildScriptCaches (36ms)
			SetupLoadedEditorAssemblies (365ms)
				LogAssemblyErrors (0ms)
				InitializePlatformSupportModulesInManaged (5ms)
				SetLoadedEditorAssemblies (0ms)
				RefreshPlugins (1ms)
				BeforeProcessingInitializeOnLoad (79ms)
				ProcessInitializeOnLoadAttributes (261ms)
				ProcessInitializeOnLoadMethodAttributes (8ms)
				AfterProcessingInitializeOnLoad (11ms)
				EditorAssembliesLoaded (0ms)
			ExecutionOrderSort2 (0ms)
			AwakeInstancesAfterBackupRestoration (14ms)
Platform modules already initialized, skipping
Refreshing native plugins compatible for Editor in 1.65 ms, found 3 plugins.
Preloading 0 native plugins for Editor in 0.00 ms.
Unloading 3294 Unused Serialized files (Serialized files now loaded: 0)
System memory in use before: 152.7 MB.
System memory in use after: 153.0 MB.

Unloading 16 unused Assets to reduce memory usage. Loaded Objects now: 3973.
Total: 6.000200 ms (FindLiveObjects: 0.410000 ms CreateObjectMapping: 0.234500 ms MarkObjects: 5.321200 ms  DeleteObjects: 0.033100 ms)

AssetImportParameters requested are different than current active one (requested -> active):
  custom:framework-win-MediaFoundation: 216162199b28c13a410421893ffa2e32 -> 
  custom:video-decoder-ogg-theora: a1e56fd34408186e4bbccfd4996cb3dc -> 
  custom:container-muxer-webm: aa71ff27fc2769a1b78a27578f13a17b -> 
  custom:container-demuxer-webm: 4f35f7cbe854078d1ac9338744f61a02 -> 
  custom:container-demuxer-ogg: 62fdf1f143b41e24485cea50d1cbac27 -> 
  custom:video-encoder-webm-vp8: eb34c28f22e8b96e1ab97ce403110664 -> 
  custom:video-decoder-webm-vp8: 9c59270c3fd7afecdb556c50c9e8de78 -> 
  custom:audio-decoder-ogg-vorbis: bf7c407c2cedff20999df2af8eb42d56 -> 
  custom:audio-encoder-webm-vorbis: bf7c407c2cedff20999df2af8eb42d56 -> 
========================================================================
Received Import Request.
  Time since last request: 306.442711 seconds.
  path: Assets/Scripts/Enemies/EnemyShooting.cs
  artifactKey: Guid(e766c6d188e502a4382cf6deadb2a6b8) Importer(815301076,1909f56bfc062723c751e8b465ee728b)
Start importing Assets/Scripts/Enemies/EnemyShooting.cs using Guid(e766c6d188e502a4382cf6deadb2a6b8) Importer(815301076,1909f56bfc062723c751e8b465ee728b)  -> (artifact id: '237520f7ebe6c63ee2348aabb0e06412') in 0.011040 seconds 
========================================================================
Received Prepare
Registering precompiled user dll's ...
Registered in 0.005747 seconds.
Begin MonoManager ReloadAssembly
Native extension for WindowsStandalone target not found
Native extension for WebGL target not found
Refreshing native plugins compatible for Editor in 0.71 ms, found 3 plugins.
Preloading 0 native plugins for Editor in 0.00 ms.
Mono: successfully reloaded assembly
- Completed reload, in  1.054 seconds
Domain Reload Profiling:
	ReloadAssembly (1054ms)
		BeginReloadAssembly (140ms)
			ExecutionOrderSort (0ms)
			DisableScriptedObjects (6ms)
			BackupInstance (0ms)
			ReleaseScriptingObjects (0ms)
			CreateAndSetChildDomain (37ms)
		EndReloadAssembly (854ms)
			LoadAssemblies (115ms)
			RebuildTransferFunctionScriptingTraits (0ms)
			SetupTypeCache (248ms)
			ReleaseScriptCaches (1ms)
			RebuildScriptCaches (34ms)
			SetupLoadedEditorAssemblies (368ms)
				LogAssemblyErrors (0ms)
				InitializePlatformSupportModulesInManaged (5ms)
				SetLoadedEditorAssemblies (0ms)
				RefreshPlugins (1ms)
				BeforeProcessingInitializeOnLoad (77ms)
				ProcessInitializeOnLoadAttributes (266ms)
				ProcessInitializeOnLoadMethodAttributes (6ms)
				AfterProcessingInitializeOnLoad (13ms)
				EditorAssembliesLoaded (0ms)
			ExecutionOrderSort2 (0ms)
			AwakeInstancesAfterBackupRestoration (14ms)
Platform modules already initialized, skipping
Refreshing native plugins compatible for Editor in 1.54 ms, found 3 plugins.
Preloading 0 native plugins for Editor in 0.00 ms.
Unloading 3294 Unused Serialized files (Serialized files now loaded: 0)
System memory in use before: 152.7 MB.
System memory in use after: 152.9 MB.

Unloading 16 unused Assets to reduce memory usage. Loaded Objects now: 3977.
Total: 6.197200 ms (FindLiveObjects: 0.305100 ms CreateObjectMapping: 0.185600 ms MarkObjects: 5.482300 ms  DeleteObjects: 0.222800 ms)

AssetImportParameters requested are different than current active one (requested -> active):
  custom:framework-win-MediaFoundation: 216162199b28c13a410421893ffa2e32 -> 
  custom:video-decoder-ogg-theora: a1e56fd34408186e4bbccfd4996cb3dc -> 
  custom:container-muxer-webm: aa71ff27fc2769a1b78a27578f13a17b -> 
  custom:container-demuxer-webm: 4f35f7cbe854078d1ac9338744f61a02 -> 
  custom:container-demuxer-ogg: 62fdf1f143b41e24485cea50d1cbac27 -> 
  custom:video-encoder-webm-vp8: eb34c28f22e8b96e1ab97ce403110664 -> 
  custom:video-decoder-webm-vp8: 9c59270c3fd7afecdb556c50c9e8de78 -> 
  custom:audio-decoder-ogg-vorbis: bf7c407c2cedff20999df2af8eb42d56 -> 
  custom:audio-encoder-webm-vorbis: bf7c407c2cedff20999df2af8eb42d56 -> 
========================================================================
Received Import Request.
  Time since last request: 276.945428 seconds.
  path: Assets/Scripts/Enemies/EnemyShooting.cs
  artifactKey: Guid(e766c6d188e502a4382cf6deadb2a6b8) Importer(815301076,1909f56bfc062723c751e8b465ee728b)
Start importing Assets/Scripts/Enemies/EnemyShooting.cs using Guid(e766c6d188e502a4382cf6deadb2a6b8) Importer(815301076,1909f56bfc062723c751e8b465ee728b)  -> (artifact id: 'ef9388d4b27d20c32cd348da955cffd8') in 0.006683 seconds 
========================================================================
Received Prepare
Registering precompiled user dll's ...
Registered in 0.005884 seconds.
Begin MonoManager ReloadAssembly
Native extension for WindowsStandalone target not found
Native extension for WebGL target not found
Refreshing native plugins compatible for Editor in 0.71 ms, found 3 plugins.
Preloading 0 native plugins for Editor in 0.00 ms.
Mono: successfully reloaded assembly
- Completed reload, in  1.093 seconds
Domain Reload Profiling:
	ReloadAssembly (1093ms)
		BeginReloadAssembly (148ms)
			ExecutionOrderSort (0ms)
			DisableScriptedObjects (6ms)
			BackupInstance (0ms)
			ReleaseScriptingObjects (0ms)
			CreateAndSetChildDomain (37ms)
		EndReloadAssembly (884ms)
			LoadAssemblies (111ms)
			RebuildTransferFunctionScriptingTraits (0ms)
			SetupTypeCache (252ms)
			ReleaseScriptCaches (1ms)
			RebuildScriptCaches (36ms)
			SetupLoadedEditorAssemblies (386ms)
				LogAssemblyErrors (0ms)
				InitializePlatformSupportModulesInManaged (6ms)
				SetLoadedEditorAssemblies (0ms)
				RefreshPlugins (1ms)
				BeforeProcessingInitializeOnLoad (77ms)
				ProcessInitializeOnLoadAttributes (285ms)
				ProcessInitializeOnLoadMethodAttributes (7ms)
				AfterProcessingInitializeOnLoad (11ms)
				EditorAssembliesLoaded (0ms)
			ExecutionOrderSort2 (0ms)
			AwakeInstancesAfterBackupRestoration (14ms)
Platform modules already initialized, skipping
Refreshing native plugins compatible for Editor in 1.58 ms, found 3 plugins.
Preloading 0 native plugins for Editor in 0.00 ms.
Unloading 3294 Unused Serialized files (Serialized files now loaded: 0)
System memory in use before: 152.7 MB.
System memory in use after: 152.9 MB.

Unloading 16 unused Assets to reduce memory usage. Loaded Objects now: 3981.
Total: 4.391800 ms (FindLiveObjects: 0.302800 ms CreateObjectMapping: 0.179900 ms MarkObjects: 3.769500 ms  DeleteObjects: 0.138400 ms)

AssetImportParameters requested are different than current active one (requested -> active):
  custom:framework-win-MediaFoundation: 216162199b28c13a410421893ffa2e32 -> 
  custom:video-decoder-ogg-theora: a1e56fd34408186e4bbccfd4996cb3dc -> 
  custom:container-muxer-webm: aa71ff27fc2769a1b78a27578f13a17b -> 
  custom:container-demuxer-webm: 4f35f7cbe854078d1ac9338744f61a02 -> 
  custom:container-demuxer-ogg: 62fdf1f143b41e24485cea50d1cbac27 -> 
  custom:video-encoder-webm-vp8: eb34c28f22e8b96e1ab97ce403110664 -> 
  custom:video-decoder-webm-vp8: 9c59270c3fd7afecdb556c50c9e8de78 -> 
  custom:audio-decoder-ogg-vorbis: bf7c407c2cedff20999df2af8eb42d56 -> 
  custom:audio-encoder-webm-vorbis: bf7c407c2cedff20999df2af8eb42d56 -> 
========================================================================
Received Import Request.
  Time since last request: 197.049267 seconds.
  path: Assets/Scripts/Enemies/EnemyShooting.cs
  artifactKey: Guid(e766c6d188e502a4382cf6deadb2a6b8) Importer(815301076,1909f56bfc062723c751e8b465ee728b)
Start importing Assets/Scripts/Enemies/EnemyShooting.cs using Guid(e766c6d188e502a4382cf6deadb2a6b8) Importer(815301076,1909f56bfc062723c751e8b465ee728b)  -> (artifact id: 'bc097bfc6b34abb9cd67c129ddc11cf9') in 0.006805 seconds 
========================================================================
Received Import Request.
  Time since last request: 1.606903 seconds.
  path: Assets/Scripts/Enemies/Goalkeeper.cs
  artifactKey: Guid(1e5cc28f1781d79438500eb7039d1f9b) Importer(815301076,1909f56bfc062723c751e8b465ee728b)
Start importing Assets/Scripts/Enemies/Goalkeeper.cs using Guid(1e5cc28f1781d79438500eb7039d1f9b) Importer(815301076,1909f56bfc062723c751e8b465ee728b)  -> (artifact id: '0d6befcec23d1c3b3ad725853b2e908d') in 0.005839 seconds 
========================================================================
Received Prepare
Registering precompiled user dll's ...
Registered in 0.005913 seconds.
Begin MonoManager ReloadAssembly
Native extension for WindowsStandalone target not found
Native extension for WebGL target not found
Refreshing native plugins compatible for Editor in 0.91 ms, found 3 plugins.
Preloading 0 native plugins for Editor in 0.00 ms.
Mono: successfully reloaded assembly
- Completed reload, in  1.102 seconds
Domain Reload Profiling:
	ReloadAssembly (1102ms)
		BeginReloadAssembly (147ms)
			ExecutionOrderSort (0ms)
			DisableScriptedObjects (6ms)
			BackupInstance (0ms)
			ReleaseScriptingObjects (0ms)
			CreateAndSetChildDomain (37ms)
		EndReloadAssembly (893ms)
			LoadAssemblies (110ms)
			RebuildTransferFunctionScriptingTraits (0ms)
			SetupTypeCache (258ms)
			ReleaseScriptCaches (1ms)
			RebuildScriptCaches (36ms)
			SetupLoadedEditorAssemblies (382ms)
				LogAssemblyErrors (0ms)
				InitializePlatformSupportModulesInManaged (6ms)
				SetLoadedEditorAssemblies (0ms)
				RefreshPlugins (1ms)
				BeforeProcessingInitializeOnLoad (92ms)
				ProcessInitializeOnLoadAttributes (266ms)
				ProcessInitializeOnLoadMethodAttributes (7ms)
				AfterProcessingInitializeOnLoad (11ms)
				EditorAssembliesLoaded (0ms)
			ExecutionOrderSort2 (0ms)
			AwakeInstancesAfterBackupRestoration (14ms)
Platform modules already initialized, skipping
Refreshing native plugins compatible for Editor in 1.43 ms, found 3 plugins.
Preloading 0 native plugins for Editor in 0.00 ms.
Unloading 3294 Unused Serialized files (Serialized files now loaded: 0)
System memory in use before: 152.7 MB.
System memory in use after: 152.9 MB.

Unloading 16 unused Assets to reduce memory usage. Loaded Objects now: 3985.
Total: 4.373200 ms (FindLiveObjects: 0.354800 ms CreateObjectMapping: 0.138200 ms MarkObjects: 3.745100 ms  DeleteObjects: 0.133700 ms)

AssetImportParameters requested are different than current active one (requested -> active):
  custom:framework-win-MediaFoundation: 216162199b28c13a410421893ffa2e32 -> 
  custom:video-decoder-ogg-theora: a1e56fd34408186e4bbccfd4996cb3dc -> 
  custom:container-muxer-webm: aa71ff27fc2769a1b78a27578f13a17b -> 
  custom:container-demuxer-webm: 4f35f7cbe854078d1ac9338744f61a02 -> 
  custom:container-demuxer-ogg: 62fdf1f143b41e24485cea50d1cbac27 -> 
  custom:video-encoder-webm-vp8: eb34c28f22e8b96e1ab97ce403110664 -> 
  custom:video-decoder-webm-vp8: 9c59270c3fd7afecdb556c50c9e8de78 -> 
  custom:audio-decoder-ogg-vorbis: bf7c407c2cedff20999df2af8eb42d56 -> 
  custom:audio-encoder-webm-vorbis: bf7c407c2cedff20999df2af8eb42d56 -> 
========================================================================
Received Import Request.
  Time since last request: 205.971274 seconds.
  path: Assets/Scripts/Enemies/Goalkeeper.cs
  artifactKey: Guid(1e5cc28f1781d79438500eb7039d1f9b) Importer(815301076,1909f56bfc062723c751e8b465ee728b)
Start importing Assets/Scripts/Enemies/Goalkeeper.cs using Guid(1e5cc28f1781d79438500eb7039d1f9b) Importer(815301076,1909f56bfc062723c751e8b465ee728b)  -> (artifact id: 'a3c5fce0845c0d52a08da0d621e95d7a') in 0.007243 seconds 
========================================================================
Received Prepare
Registering precompiled user dll's ...
Registered in 0.005581 seconds.
Begin MonoManager ReloadAssembly
Native extension for WindowsStandalone target not found
Native extension for WebGL target not found
Refreshing native plugins compatible for Editor in 0.79 ms, found 3 plugins.
Preloading 0 native plugins for Editor in 0.00 ms.
Mono: successfully reloaded assembly
- Completed reload, in  1.407 seconds
Domain Reload Profiling:
	ReloadAssembly (1408ms)
		BeginReloadAssembly (132ms)
			ExecutionOrderSort (0ms)
			DisableScriptedObjects (6ms)
			BackupInstance (0ms)
			ReleaseScriptingObjects (0ms)
			CreateAndSetChildDomain (35ms)
		EndReloadAssembly (1216ms)
			LoadAssemblies (106ms)
			RebuildTransferFunctionScriptingTraits (0ms)
			SetupTypeCache (256ms)
			ReleaseScriptCaches (1ms)
			RebuildScriptCaches (370ms)
			SetupLoadedEditorAssemblies (374ms)
				LogAssemblyErrors (0ms)
				InitializePlatformSupportModulesInManaged (6ms)
				SetLoadedEditorAssemblies (0ms)
				RefreshPlugins (1ms)
				BeforeProcessingInitializeOnLoad (86ms)
				ProcessInitializeOnLoadAttributes (262ms)
				ProcessInitializeOnLoadMethodAttributes (7ms)
				AfterProcessingInitializeOnLoad (11ms)
				EditorAssembliesLoaded (0ms)
			ExecutionOrderSort2 (0ms)
			AwakeInstancesAfterBackupRestoration (14ms)
Platform modules already initialized, skipping
Refreshing native plugins compatible for Editor in 1.53 ms, found 3 plugins.
Preloading 0 native plugins for Editor in 0.00 ms.
Unloading 3294 Unused Serialized files (Serialized files now loaded: 0)
System memory in use before: 152.7 MB.
System memory in use after: 152.9 MB.

Unloading 16 unused Assets to reduce memory usage. Loaded Objects now: 3989.
Total: 4.391300 ms (FindLiveObjects: 0.384000 ms CreateObjectMapping: 0.195400 ms MarkObjects: 3.785200 ms  DeleteObjects: 0.024800 ms)

AssetImportParameters requested are different than current active one (requested -> active):
  custom:framework-win-MediaFoundation: 216162199b28c13a410421893ffa2e32 -> 
  custom:video-decoder-ogg-theora: a1e56fd34408186e4bbccfd4996cb3dc -> 
  custom:container-muxer-webm: aa71ff27fc2769a1b78a27578f13a17b -> 
  custom:container-demuxer-webm: 4f35f7cbe854078d1ac9338744f61a02 -> 
  custom:container-demuxer-ogg: 62fdf1f143b41e24485cea50d1cbac27 -> 
  custom:video-encoder-webm-vp8: eb34c28f22e8b96e1ab97ce403110664 -> 
  custom:video-decoder-webm-vp8: 9c59270c3fd7afecdb556c50c9e8de78 -> 
  custom:audio-decoder-ogg-vorbis: bf7c407c2cedff20999df2af8eb42d56 -> 
  custom:audio-encoder-webm-vorbis: bf7c407c2cedff20999df2af8eb42d56 -> 
========================================================================
Received Import Request.
  Time since last request: 54.736528 seconds.
  path: Assets/Scripts/Enemies/RedCard.cs
  artifactKey: Guid(1795a73292c8abf43a5931c9ab051540) Importer(815301076,1909f56bfc062723c751e8b465ee728b)
Start importing Assets/Scripts/Enemies/RedCard.cs using Guid(1795a73292c8abf43a5931c9ab051540) Importer(815301076,1909f56bfc062723c751e8b465ee728b)  -> (artifact id: '1d070dd85e443f7e499c3c50cc1fb10b') in 0.010628 seconds 
========================================================================
Received Import Request.
  Time since last request: 19.302641 seconds.
  path: Assets/Prefabs/Particles/PreSpawn.prefab
  artifactKey: Guid(231f33e0b9716c749b52a66995dfed89) Importer(815301076,1909f56bfc062723c751e8b465ee728b)
Start importing Assets/Prefabs/Particles/PreSpawn.prefab using Guid(231f33e0b9716c749b52a66995dfed89) Importer(815301076,1909f56bfc062723c751e8b465ee728b)  -> (artifact id: '09c41508187d111a0cd375d6f5628010') in 0.160986 seconds 
========================================================================
Received Import Request.
  Time since last request: 8.072892 seconds.
  path: Assets/Prefabs/Particles/ShootBall.prefab
  artifactKey: Guid(6226c05794452e8409bd31c3bd44d11b) Importer(815301076,1909f56bfc062723c751e8b465ee728b)
Start importing Assets/Prefabs/Particles/ShootBall.prefab using Guid(6226c05794452e8409bd31c3bd44d11b) Importer(815301076,1909f56bfc062723c751e8b465ee728b)  -> (artifact id: '5ff80d6eaaa725dc3415dea56bd0c698') in 0.012305 seconds 
========================================================================
Received Import Request.
  Time since last request: 11.190577 seconds.
  path: Assets/Prefabs/Particles/NewSmokeSpinner.prefab
  artifactKey: Guid(ead6e4a7c498fff4295d3862b71e0e13) Importer(815301076,1909f56bfc062723c751e8b465ee728b)
Start importing Assets/Prefabs/Particles/NewSmokeSpinner.prefab using Guid(ead6e4a7c498fff4295d3862b71e0e13) Importer(815301076,1909f56bfc062723c751e8b465ee728b)  -> (artifact id: '86ca5019d70e6de797164b0aa7201a2c') in 0.018449 seconds 
========================================================================
Received Import Request.
  Time since last request: 4.767046 seconds.
  path: Assets/Prefabs/Particles/GoalExplosion1 1.prefab
  artifactKey: Guid(b91a501b3801d964ba9b636ed528c4a9) Importer(815301076,1909f56bfc062723c751e8b465ee728b)
Start importing Assets/Prefabs/Particles/GoalExplosion1 1.prefab using Guid(b91a501b3801d964ba9b636ed528c4a9) Importer(815301076,1909f56bfc062723c751e8b465ee728b)  -> (artifact id: '298ba39f3fe0c5291888a65db11d0a3f') in 0.012595 seconds 
========================================================================
Received Import Request.
  Time since last request: 5.001404 seconds.
  path: Assets/Prefabs/Particles/BombExplo.prefab
  artifactKey: Guid(2dfb3e9e22ad45845b0e5480f1c26605) Importer(815301076,1909f56bfc062723c751e8b465ee728b)
Start importing Assets/Prefabs/Particles/BombExplo.prefab using Guid(2dfb3e9e22ad45845b0e5480f1c26605) Importer(815301076,1909f56bfc062723c751e8b465ee728b)  -> (artifact id: 'a156fa6eba9e4b251821369933e6623b') in 0.013624 seconds 
========================================================================
Received Import Request.
  Time since last request: 2.334367 seconds.
  path: Assets/Prefabs/Particles/BiGSPinner.prefab
  artifactKey: Guid(c7eaa4fd3472f2a4990575cb38ee6a9b) Importer(815301076,1909f56bfc062723c751e8b465ee728b)
Start importing Assets/Prefabs/Particles/BiGSPinner.prefab using Guid(c7eaa4fd3472f2a4990575cb38ee6a9b) Importer(815301076,1909f56bfc062723c751e8b465ee728b)  -> (artifact id: '841581f4be1afa32b3980d1bf92a00f2') in 0.012331 seconds 
========================================================================
Received Import Request.
  Time since last request: 5.828519 seconds.
  path: Assets/Prefabs/Particles/BigExplosionSpinner.prefab
  artifactKey: Guid(ff073179cfadfc64b8aeadccf2b08f4e) Importer(815301076,1909f56bfc062723c751e8b465ee728b)
Start importing Assets/Prefabs/Particles/BigExplosionSpinner.prefab using Guid(ff073179cfadfc64b8aeadccf2b08f4e) Importer(815301076,1909f56bfc062723c751e8b465ee728b)  -> (artifact id: 'd97e73cedbc7452b1e9e86121f51d4ef') in 0.012959 seconds 
========================================================================
Received Prepare
Registering precompiled user dll's ...
Registered in 0.005423 seconds.
Begin MonoManager ReloadAssembly
Native extension for WindowsStandalone target not found
Native extension for WebGL target not found
Refreshing native plugins compatible for Editor in 0.71 ms, found 3 plugins.
Preloading 0 native plugins for Editor in 0.00 ms.
Mono: successfully reloaded assembly
- Completed reload, in  1.088 seconds
Domain Reload Profiling:
	ReloadAssembly (1088ms)
		BeginReloadAssembly (147ms)
			ExecutionOrderSort (0ms)
			DisableScriptedObjects (7ms)
			BackupInstance (0ms)
			ReleaseScriptingObjects (0ms)
			CreateAndSetChildDomain (42ms)
		EndReloadAssembly (881ms)
			LoadAssemblies (111ms)
			RebuildTransferFunctionScriptingTraits (0ms)
			SetupTypeCache (272ms)
			ReleaseScriptCaches (1ms)
			RebuildScriptCaches (37ms)
			SetupLoadedEditorAssemblies (365ms)
				LogAssemblyErrors (0ms)
				InitializePlatformSupportModulesInManaged (5ms)
				SetLoadedEditorAssemblies (0ms)
				RefreshPlugins (1ms)
				BeforeProcessingInitializeOnLoad (78ms)
				ProcessInitializeOnLoadAttributes (263ms)
				ProcessInitializeOnLoadMethodAttributes (7ms)
				AfterProcessingInitializeOnLoad (11ms)
				EditorAssembliesLoaded (0ms)
			ExecutionOrderSort2 (0ms)
			AwakeInstancesAfterBackupRestoration (14ms)
Platform modules already initialized, skipping
Refreshing native plugins compatible for Editor in 1.59 ms, found 3 plugins.
Preloading 0 native plugins for Editor in 0.00 ms.
Unloading 3294 Unused Serialized files (Serialized files now loaded: 0)
System memory in use before: 152.8 MB.
System memory in use after: 153.1 MB.

Unloading 16 unused Assets to reduce memory usage. Loaded Objects now: 4031.
Total: 6.223100 ms (FindLiveObjects: 0.333900 ms CreateObjectMapping: 0.208600 ms MarkObjects: 5.655300 ms  DeleteObjects: 0.024200 ms)

AssetImportParameters requested are different than current active one (requested -> active):
  custom:framework-win-MediaFoundation: 216162199b28c13a410421893ffa2e32 -> 
  custom:video-decoder-ogg-theora: a1e56fd34408186e4bbccfd4996cb3dc -> 
  custom:container-muxer-webm: aa71ff27fc2769a1b78a27578f13a17b -> 
  custom:container-demuxer-webm: 4f35f7cbe854078d1ac9338744f61a02 -> 
  custom:container-demuxer-ogg: 62fdf1f143b41e24485cea50d1cbac27 -> 
  custom:video-encoder-webm-vp8: eb34c28f22e8b96e1ab97ce403110664 -> 
  custom:video-decoder-webm-vp8: 9c59270c3fd7afecdb556c50c9e8de78 -> 
  custom:audio-decoder-ogg-vorbis: bf7c407c2cedff20999df2af8eb42d56 -> 
  custom:audio-encoder-webm-vorbis: bf7c407c2cedff20999df2af8eb42d56 -> 
========================================================================
Received Prepare
Registering precompiled user dll's ...
Registered in 0.005656 seconds.
Begin MonoManager ReloadAssembly
Native extension for WindowsStandalone target not found
Native extension for WebGL target not found
Refreshing native plugins compatible for Editor in 0.70 ms, found 3 plugins.
Preloading 0 native plugins for Editor in 0.00 ms.
Mono: successfully reloaded assembly
- Completed reload, in  1.067 seconds
Domain Reload Profiling:
	ReloadAssembly (1067ms)
		BeginReloadAssembly (142ms)
			ExecutionOrderSort (0ms)
			DisableScriptedObjects (6ms)
			BackupInstance (0ms)
			ReleaseScriptingObjects (0ms)
			CreateAndSetChildDomain (35ms)
		EndReloadAssembly (865ms)
			LoadAssemblies (114ms)
			RebuildTransferFunctionScriptingTraits (0ms)
			SetupTypeCache (255ms)
			ReleaseScriptCaches (1ms)
			RebuildScriptCaches (35ms)
			SetupLoadedEditorAssemblies (364ms)
				LogAssemblyErrors (0ms)
				InitializePlatformSupportModulesInManaged (6ms)
				SetLoadedEditorAssemblies (0ms)
				RefreshPlugins (1ms)
				BeforeProcessingInitializeOnLoad (79ms)
				ProcessInitializeOnLoadAttributes (260ms)
				ProcessInitializeOnLoadMethodAttributes (7ms)
				AfterProcessingInitializeOnLoad (11ms)
				EditorAssembliesLoaded (0ms)
			ExecutionOrderSort2 (0ms)
			AwakeInstancesAfterBackupRestoration (14ms)
Platform modules already initialized, skipping
Refreshing native plugins compatible for Editor in 1.49 ms, found 3 plugins.
Preloading 0 native plugins for Editor in 0.00 ms.
Unloading 3294 Unused Serialized files (Serialized files now loaded: 0)
System memory in use before: 152.8 MB.
System memory in use after: 153.1 MB.

Unloading 16 unused Assets to reduce memory usage. Loaded Objects now: 4035.
Total: 7.056500 ms (FindLiveObjects: 0.550800 ms CreateObjectMapping: 0.286100 ms MarkObjects: 6.183400 ms  DeleteObjects: 0.034700 ms)

AssetImportParameters requested are different than current active one (requested -> active):
  custom:framework-win-MediaFoundation: 216162199b28c13a410421893ffa2e32 -> 
  custom:video-decoder-ogg-theora: a1e56fd34408186e4bbccfd4996cb3dc -> 
  custom:container-muxer-webm: aa71ff27fc2769a1b78a27578f13a17b -> 
  custom:container-demuxer-webm: 4f35f7cbe854078d1ac9338744f61a02 -> 
  custom:container-demuxer-ogg: 62fdf1f143b41e24485cea50d1cbac27 -> 
  custom:video-encoder-webm-vp8: eb34c28f22e8b96e1ab97ce403110664 -> 
  custom:video-decoder-webm-vp8: 9c59270c3fd7afecdb556c50c9e8de78 -> 
  custom:audio-decoder-ogg-vorbis: bf7c407c2cedff20999df2af8eb42d56 -> 
  custom:audio-encoder-webm-vorbis: bf7c407c2cedff20999df2af8eb42d56 -> 
========================================================================
Received Import Request.
  Time since last request: 1268.788236 seconds.
  path: Assets/Scenes/RandomMode
  artifactKey: Guid(c21d97aeef90c8045a73dae1e1bcc79c) Importer(815301076,1909f56bfc062723c751e8b465ee728b)
Start importing Assets/Scenes/RandomMode using Guid(c21d97aeef90c8045a73dae1e1bcc79c) Importer(815301076,1909f56bfc062723c751e8b465ee728b)  -> (artifact id: '7cf56d0268b7553d55cc94dec1b18d45') in 0.011521 seconds 
========================================================================
Received Import Request.
  Time since last request: 2.991341 seconds.
  path: Assets/Scripts/Enemies/EnemyBullet.cs
  artifactKey: Guid(8050b0c270485724994ef871b7bfb45e) Importer(815301076,1909f56bfc062723c751e8b465ee728b)
Start importing Assets/Scripts/Enemies/EnemyBullet.cs using Guid(8050b0c270485724994ef871b7bfb45e) Importer(815301076,1909f56bfc062723c751e8b465ee728b)  -> (artifact id: 'faaaebffc1c51efd81337f6606644853') in 0.002359 seconds 
========================================================================
Received Prepare
Registering precompiled user dll's ...
Registered in 0.005488 seconds.
Begin MonoManager ReloadAssembly
Native extension for WindowsStandalone target not found
Native extension for WebGL target not found
Refreshing native plugins compatible for Editor in 0.81 ms, found 3 plugins.
Preloading 0 native plugins for Editor in 0.00 ms.
Mono: successfully reloaded assembly
- Completed reload, in  1.107 seconds
Domain Reload Profiling:
	ReloadAssembly (1107ms)
		BeginReloadAssembly (148ms)
			ExecutionOrderSort (0ms)
			DisableScriptedObjects (7ms)
			BackupInstance (0ms)
			ReleaseScriptingObjects (0ms)
			CreateAndSetChildDomain (39ms)
		EndReloadAssembly (893ms)
			LoadAssemblies (119ms)
			RebuildTransferFunctionScriptingTraits (0ms)
			SetupTypeCache (259ms)
			ReleaseScriptCaches (2ms)
			RebuildScriptCaches (36ms)
			SetupLoadedEditorAssemblies (379ms)
				LogAssemblyErrors (0ms)
				InitializePlatformSupportModulesInManaged (6ms)
				SetLoadedEditorAssemblies (0ms)
				RefreshPlugins (1ms)
				BeforeProcessingInitializeOnLoad (81ms)
				ProcessInitializeOnLoadAttributes (273ms)
				ProcessInitializeOnLoadMethodAttributes (7ms)
				AfterProcessingInitializeOnLoad (11ms)
				EditorAssembliesLoaded (0ms)
			ExecutionOrderSort2 (0ms)
			AwakeInstancesAfterBackupRestoration (15ms)
Platform modules already initialized, skipping
Refreshing native plugins compatible for Editor in 1.50 ms, found 3 plugins.
Preloading 0 native plugins for Editor in 0.00 ms.
Unloading 3294 Unused Serialized files (Serialized files now loaded: 0)
System memory in use before: 152.8 MB.
System memory in use after: 153.0 MB.

Unloading 16 unused Assets to reduce memory usage. Loaded Objects now: 4039.
Total: 4.819600 ms (FindLiveObjects: 0.422700 ms CreateObjectMapping: 0.286400 ms MarkObjects: 4.082100 ms  DeleteObjects: 0.027100 ms)

AssetImportParameters requested are different than current active one (requested -> active):
  custom:framework-win-MediaFoundation: 216162199b28c13a410421893ffa2e32 -> 
  custom:video-decoder-ogg-theora: a1e56fd34408186e4bbccfd4996cb3dc -> 
  custom:container-muxer-webm: aa71ff27fc2769a1b78a27578f13a17b -> 
  custom:container-demuxer-webm: 4f35f7cbe854078d1ac9338744f61a02 -> 
  custom:container-demuxer-ogg: 62fdf1f143b41e24485cea50d1cbac27 -> 
  custom:video-encoder-webm-vp8: eb34c28f22e8b96e1ab97ce403110664 -> 
  custom:video-decoder-webm-vp8: 9c59270c3fd7afecdb556c50c9e8de78 -> 
  custom:audio-decoder-ogg-vorbis: bf7c407c2cedff20999df2af8eb42d56 -> 
  custom:audio-encoder-webm-vorbis: bf7c407c2cedff20999df2af8eb42d56 -> 
========================================================================
Received Import Request.
  Time since last request: 31.348157 seconds.
  path: Assets/Scripts/Enemies/EnemyBullet.cs
  artifactKey: Guid(8050b0c270485724994ef871b7bfb45e) Importer(815301076,1909f56bfc062723c751e8b465ee728b)
Start importing Assets/Scripts/Enemies/EnemyBullet.cs using Guid(8050b0c270485724994ef871b7bfb45e) Importer(815301076,1909f56bfc062723c751e8b465ee728b)  -> (artifact id: 'e1048d66299032234ea60fa7c9f9548e') in 0.007594 seconds 
========================================================================
Received Prepare
Registering precompiled user dll's ...
Registered in 0.005497 seconds.
Begin MonoManager ReloadAssembly
Native extension for WindowsStandalone target not found
Native extension for WebGL target not found
Refreshing native plugins compatible for Editor in 0.76 ms, found 3 plugins.
Preloading 0 native plugins for Editor in 0.00 ms.
Mono: successfully reloaded assembly
- Completed reload, in  1.461 seconds
Domain Reload Profiling:
	ReloadAssembly (1461ms)
		BeginReloadAssembly (145ms)
			ExecutionOrderSort (0ms)
			DisableScriptedObjects (6ms)
			BackupInstance (0ms)
			ReleaseScriptingObjects (0ms)
			CreateAndSetChildDomain (38ms)
		EndReloadAssembly (1257ms)
			LoadAssemblies (114ms)
			RebuildTransferFunctionScriptingTraits (0ms)
			SetupTypeCache (251ms)
			ReleaseScriptCaches (1ms)
			RebuildScriptCaches (35ms)
			SetupLoadedEditorAssemblies (757ms)
				LogAssemblyErrors (0ms)
				InitializePlatformSupportModulesInManaged (5ms)
				SetLoadedEditorAssemblies (0ms)
				RefreshPlugins (1ms)
				BeforeProcessingInitializeOnLoad (79ms)
				ProcessInitializeOnLoadAttributes (653ms)
				ProcessInitializeOnLoadMethodAttributes (7ms)
				AfterProcessingInitializeOnLoad (11ms)
				EditorAssembliesLoaded (0ms)
			ExecutionOrderSort2 (0ms)
			AwakeInstancesAfterBackupRestoration (15ms)
Platform modules already initialized, skipping
Refreshing native plugins compatible for Editor in 1.60 ms, found 3 plugins.
Preloading 0 native plugins for Editor in 0.00 ms.
Unloading 3294 Unused Serialized files (Serialized files now loaded: 0)
System memory in use before: 152.8 MB.
System memory in use after: 153.0 MB.

Unloading 16 unused Assets to reduce memory usage. Loaded Objects now: 4043.
Total: 4.674200 ms (FindLiveObjects: 0.388400 ms CreateObjectMapping: 0.219200 ms MarkObjects: 4.038200 ms  DeleteObjects: 0.027000 ms)

AssetImportParameters requested are different than current active one (requested -> active):
  custom:framework-win-MediaFoundation: 216162199b28c13a410421893ffa2e32 -> 
  custom:video-decoder-ogg-theora: a1e56fd34408186e4bbccfd4996cb3dc -> 
  custom:container-muxer-webm: aa71ff27fc2769a1b78a27578f13a17b -> 
  custom:container-demuxer-webm: 4f35f7cbe854078d1ac9338744f61a02 -> 
  custom:container-demuxer-ogg: 62fdf1f143b41e24485cea50d1cbac27 -> 
  custom:video-encoder-webm-vp8: eb34c28f22e8b96e1ab97ce403110664 -> 
  custom:video-decoder-webm-vp8: 9c59270c3fd7afecdb556c50c9e8de78 -> 
  custom:audio-decoder-ogg-vorbis: bf7c407c2cedff20999df2af8eb42d56 -> 
  custom:audio-encoder-webm-vorbis: bf7c407c2cedff20999df2af8eb42d56 -> 
========================================================================
Received Import Request.
  Time since last request: 162.870109 seconds.
  path: Assets/Scripts/Enemies/RedCard.cs
  artifactKey: Guid(1795a73292c8abf43a5931c9ab051540) Importer(815301076,1909f56bfc062723c751e8b465ee728b)
Start importing Assets/Scripts/Enemies/RedCard.cs using Guid(1795a73292c8abf43a5931c9ab051540) Importer(815301076,1909f56bfc062723c751e8b465ee728b)  -> (artifact id: '731e2564d55e61686bd96a085eddd054') in 0.006863 seconds 
========================================================================
Received Import Request.
  Time since last request: 0.000182 seconds.
  path: Assets/Scripts/Enemies/SpinningEnemy.cs
  artifactKey: Guid(1fa6aadca3dee8d42ad198bfb75bb12a) Importer(815301076,1909f56bfc062723c751e8b465ee728b)
Start importing Assets/Scripts/Enemies/SpinningEnemy.cs using Guid(1fa6aadca3dee8d42ad198bfb75bb12a) Importer(815301076,1909f56bfc062723c751e8b465ee728b)  -> (artifact id: 'fca4f78cbd4663aaae2f4e4287aa739e') in 0.005728 seconds 
========================================================================
Received Prepare
Registering precompiled user dll's ...
Registered in 0.005581 seconds.
Begin MonoManager ReloadAssembly
Native extension for WindowsStandalone target not found
Native extension for WebGL target not found
Refreshing native plugins compatible for Editor in 0.72 ms, found 3 plugins.
Preloading 0 native plugins for Editor in 0.00 ms.
Mono: successfully reloaded assembly
- Completed reload, in  1.052 seconds
Domain Reload Profiling:
	ReloadAssembly (1052ms)
		BeginReloadAssembly (141ms)
			ExecutionOrderSort (0ms)
			DisableScriptedObjects (6ms)
			BackupInstance (0ms)
			ReleaseScriptingObjects (0ms)
			CreateAndSetChildDomain (34ms)
		EndReloadAssembly (852ms)
			LoadAssemblies (110ms)
			RebuildTransferFunctionScriptingTraits (0ms)
			SetupTypeCache (255ms)
			ReleaseScriptCaches (1ms)
			RebuildScriptCaches (34ms)
			SetupLoadedEditorAssemblies (350ms)
				LogAssemblyErrors (0ms)
				InitializePlatformSupportModulesInManaged (5ms)
				SetLoadedEditorAssemblies (0ms)
				RefreshPlugins (1ms)
				BeforeProcessingInitializeOnLoad (76ms)
				ProcessInitializeOnLoadAttributes (251ms)
				ProcessInitializeOnLoadMethodAttributes (7ms)
				AfterProcessingInitializeOnLoad (10ms)
				EditorAssembliesLoaded (0ms)
			ExecutionOrderSort2 (0ms)
			AwakeInstancesAfterBackupRestoration (14ms)
Platform modules already initialized, skipping
Refreshing native plugins compatible for Editor in 1.71 ms, found 3 plugins.
Preloading 0 native plugins for Editor in 0.00 ms.
Unloading 3294 Unused Serialized files (Serialized files now loaded: 0)
System memory in use before: 152.8 MB.
System memory in use after: 153.0 MB.

Unloading 16 unused Assets to reduce memory usage. Loaded Objects now: 4047.
Total: 6.630000 ms (FindLiveObjects: 0.374400 ms CreateObjectMapping: 0.222700 ms MarkObjects: 5.998500 ms  DeleteObjects: 0.033100 ms)

AssetImportParameters requested are different than current active one (requested -> active):
  custom:framework-win-MediaFoundation: 216162199b28c13a410421893ffa2e32 -> 
  custom:video-decoder-ogg-theora: a1e56fd34408186e4bbccfd4996cb3dc -> 
  custom:container-muxer-webm: aa71ff27fc2769a1b78a27578f13a17b -> 
  custom:container-demuxer-webm: 4f35f7cbe854078d1ac9338744f61a02 -> 
  custom:container-demuxer-ogg: 62fdf1f143b41e24485cea50d1cbac27 -> 
  custom:video-encoder-webm-vp8: eb34c28f22e8b96e1ab97ce403110664 -> 
  custom:video-decoder-webm-vp8: 9c59270c3fd7afecdb556c50c9e8de78 -> 
  custom:audio-decoder-ogg-vorbis: bf7c407c2cedff20999df2af8eb42d56 -> 
  custom:audio-encoder-webm-vorbis: bf7c407c2cedff20999df2af8eb42d56 -> 
========================================================================
Received Import Request.
  Time since last request: 992.166366 seconds.
  path: Assets/Scripts/Enemies/SpinningEnemy.cs
  artifactKey: Guid(1fa6aadca3dee8d42ad198bfb75bb12a) Importer(815301076,1909f56bfc062723c751e8b465ee728b)
Start importing Assets/Scripts/Enemies/SpinningEnemy.cs using Guid(1fa6aadca3dee8d42ad198bfb75bb12a) Importer(815301076,1909f56bfc062723c751e8b465ee728b)  -> (artifact id: '00000000000000000000000000000000') in 0.001383 seconds  code(4) message(Build asset version error: assets/scripts/enemies/spinningenemy.cs in SourceAssetDB has modification time of '2021-12-06T13:31:56.0905079Z' while content on disk has modification time of '2021-12-06T13:47:13.0746747Z')
  ERROR: Build asset version error: assets/scripts/enemies/spinningenemy.cs in SourceAssetDB has modification time of '2021-12-06T13:31:56.0905079Z' while content on disk has modification time of '2021-12-06T13:47:13.0746747Z'
========================================================================
Received Prepare
Registering precompiled user dll's ...
Registered in 0.005509 seconds.
Begin MonoManager ReloadAssembly
Native extension for WindowsStandalone target not found
Native extension for WebGL target not found
Refreshing native plugins compatible for Editor in 0.80 ms, found 3 plugins.
Preloading 0 native plugins for Editor in 0.00 ms.
Mono: successfully reloaded assembly
- Completed reload, in  1.089 seconds
Domain Reload Profiling:
	ReloadAssembly (1089ms)
		BeginReloadAssembly (136ms)
			ExecutionOrderSort (0ms)
			DisableScriptedObjects (6ms)
			BackupInstance (0ms)
			ReleaseScriptingObjects (0ms)
			CreateAndSetChildDomain (36ms)
		EndReloadAssembly (891ms)
			LoadAssemblies (115ms)
			RebuildTransferFunctionScriptingTraits (0ms)
			SetupTypeCache (254ms)
			ReleaseScriptCaches (1ms)
			RebuildScriptCaches (42ms)
			SetupLoadedEditorAssemblies (381ms)
				LogAssemblyErrors (0ms)
				InitializePlatformSupportModulesInManaged (6ms)
				SetLoadedEditorAssemblies (0ms)
				RefreshPlugins (1ms)
				BeforeProcessingInitializeOnLoad (93ms)
				ProcessInitializeOnLoadAttributes (264ms)
				ProcessInitializeOnLoadMethodAttributes (7ms)
				AfterProcessingInitializeOnLoad (10ms)
				EditorAssembliesLoaded (0ms)
			ExecutionOrderSort2 (0ms)
			AwakeInstancesAfterBackupRestoration (14ms)
Platform modules already initialized, skipping
Refreshing native plugins compatible for Editor in 1.63 ms, found 3 plugins.
Preloading 0 native plugins for Editor in 0.00 ms.
Unloading 3294 Unused Serialized files (Serialized files now loaded: 0)
System memory in use before: 152.8 MB.
System memory in use after: 153.0 MB.

Unloading 16 unused Assets to reduce memory usage. Loaded Objects now: 4051.
Total: 4.290600 ms (FindLiveObjects: 0.354700 ms CreateObjectMapping: 0.204800 ms MarkObjects: 3.704700 ms  DeleteObjects: 0.025400 ms)

AssetImportParameters requested are different than current active one (requested -> active):
  custom:framework-win-MediaFoundation: 216162199b28c13a410421893ffa2e32 -> 
  custom:video-decoder-ogg-theora: a1e56fd34408186e4bbccfd4996cb3dc -> 
  custom:container-muxer-webm: aa71ff27fc2769a1b78a27578f13a17b -> 
  custom:container-demuxer-webm: 4f35f7cbe854078d1ac9338744f61a02 -> 
  custom:container-demuxer-ogg: 62fdf1f143b41e24485cea50d1cbac27 -> 
  custom:video-encoder-webm-vp8: eb34c28f22e8b96e1ab97ce403110664 -> 
  custom:video-decoder-webm-vp8: 9c59270c3fd7afecdb556c50c9e8de78 -> 
  custom:audio-decoder-ogg-vorbis: bf7c407c2cedff20999df2af8eb42d56 -> 
  custom:audio-encoder-webm-vorbis: bf7c407c2cedff20999df2af8eb42d56 -> 
========================================================================
Received Import Request.
  Time since last request: 51.241834 seconds.
  path: Assets/Scripts/Enemies/YellowCard.cs
  artifactKey: Guid(d340b46c413aa4c4c831e20b3d191d90) Importer(815301076,1909f56bfc062723c751e8b465ee728b)
Start importing Assets/Scripts/Enemies/YellowCard.cs using Guid(d340b46c413aa4c4c831e20b3d191d90) Importer(815301076,1909f56bfc062723c751e8b465ee728b)  -> (artifact id: 'c701f4b8d95623845cca6ad475655d43') in 0.012270 seconds 
========================================================================
Received Import Request.
  Time since last request: 0.000176 seconds.
  path: Assets/Scripts/Enemies/SpinningEnemy.cs
  artifactKey: Guid(1fa6aadca3dee8d42ad198bfb75bb12a) Importer(815301076,1909f56bfc062723c751e8b465ee728b)
Start importing Assets/Scripts/Enemies/SpinningEnemy.cs using Guid(1fa6aadca3dee8d42ad198bfb75bb12a) Importer(815301076,1909f56bfc062723c751e8b465ee728b)  -> (artifact id: '90dec1d53b77004b775577a0037b5ce7') in 0.002125 seconds 
========================================================================
Received Prepare
Registering precompiled user dll's ...
Registered in 0.005828 seconds.
Begin MonoManager ReloadAssembly
Native extension for WindowsStandalone target not found
Native extension for WebGL target not found
Refreshing native plugins compatible for Editor in 0.70 ms, found 3 plugins.
Preloading 0 native plugins for Editor in 0.00 ms.
Mono: successfully reloaded assembly
- Completed reload, in  1.057 seconds
Domain Reload Profiling:
	ReloadAssembly (1058ms)
		BeginReloadAssembly (136ms)
			ExecutionOrderSort (0ms)
			DisableScriptedObjects (6ms)
			BackupInstance (0ms)
			ReleaseScriptingObjects (0ms)
			CreateAndSetChildDomain (36ms)
		EndReloadAssembly (862ms)
			LoadAssemblies (112ms)
			RebuildTransferFunctionScriptingTraits (0ms)
			SetupTypeCache (251ms)
			ReleaseScriptCaches (1ms)
			RebuildScriptCaches (34ms)
			SetupLoadedEditorAssemblies (368ms)
				LogAssemblyErrors (0ms)
				InitializePlatformSupportModulesInManaged (5ms)
				SetLoadedEditorAssemblies (0ms)
				RefreshPlugins (1ms)
				BeforeProcessingInitializeOnLoad (78ms)
				ProcessInitializeOnLoadAttributes (266ms)
				ProcessInitializeOnLoadMethodAttributes (7ms)
				AfterProcessingInitializeOnLoad (11ms)
				EditorAssembliesLoaded (0ms)
			ExecutionOrderSort2 (0ms)
			AwakeInstancesAfterBackupRestoration (14ms)
Platform modules already initialized, skipping
Refreshing native plugins compatible for Editor in 1.43 ms, found 3 plugins.
Preloading 0 native plugins for Editor in 0.00 ms.
Unloading 3294 Unused Serialized files (Serialized files now loaded: 0)
System memory in use before: 152.8 MB.
System memory in use after: 153.0 MB.

Unloading 16 unused Assets to reduce memory usage. Loaded Objects now: 4055.
Total: 4.321700 ms (FindLiveObjects: 0.319800 ms CreateObjectMapping: 0.184300 ms MarkObjects: 3.793300 ms  DeleteObjects: 0.023100 ms)

AssetImportParameters requested are different than current active one (requested -> active):
  custom:framework-win-MediaFoundation: 216162199b28c13a410421893ffa2e32 -> 
  custom:video-decoder-ogg-theora: a1e56fd34408186e4bbccfd4996cb3dc -> 
  custom:container-muxer-webm: aa71ff27fc2769a1b78a27578f13a17b -> 
  custom:container-demuxer-webm: 4f35f7cbe854078d1ac9338744f61a02 -> 
  custom:container-demuxer-ogg: 62fdf1f143b41e24485cea50d1cbac27 -> 
  custom:video-encoder-webm-vp8: eb34c28f22e8b96e1ab97ce403110664 -> 
  custom:video-decoder-webm-vp8: 9c59270c3fd7afecdb556c50c9e8de78 -> 
  custom:audio-decoder-ogg-vorbis: bf7c407c2cedff20999df2af8eb42d56 -> 
  custom:audio-encoder-webm-vorbis: bf7c407c2cedff20999df2af8eb42d56 -> 
========================================================================
Received Import Request.
  Time since last request: 602.640632 seconds.
  path: Assets/Scripts/Enemies/YellowCard.cs
  artifactKey: Guid(d340b46c413aa4c4c831e20b3d191d90) Importer(815301076,1909f56bfc062723c751e8b465ee728b)
Start importing Assets/Scripts/Enemies/YellowCard.cs using Guid(d340b46c413aa4c4c831e20b3d191d90) Importer(815301076,1909f56bfc062723c751e8b465ee728b)  -> (artifact id: '1619ee3054d5f80f1c87391ccbe9562b') in 0.011514 seconds 
========================================================================
Received Import Request.
  Time since last request: 3.705269 seconds.
  path: Assets/Scripts/AttachGameObjectsToParticles.cs
  artifactKey: Guid(2cb9a94ea23e1ce4d85f96980ceb15db) Importer(815301076,1909f56bfc062723c751e8b465ee728b)
Start importing Assets/Scripts/AttachGameObjectsToParticles.cs using Guid(2cb9a94ea23e1ce4d85f96980ceb15db) Importer(815301076,1909f56bfc062723c751e8b465ee728b)  -> (artifact id: 'c47efebb70b7886b1655ede5ced541b0') in 0.006361 seconds 
========================================================================
Received Prepare
Registering precompiled user dll's ...
Registered in 0.005538 seconds.
Begin MonoManager ReloadAssembly
Native extension for WindowsStandalone target not found
Native extension for WebGL target not found
Refreshing native plugins compatible for Editor in 0.71 ms, found 3 plugins.
Preloading 0 native plugins for Editor in 0.00 ms.
Mono: successfully reloaded assembly
- Completed reload, in  1.447 seconds
Domain Reload Profiling:
	ReloadAssembly (1447ms)
		BeginReloadAssembly (145ms)
			ExecutionOrderSort (0ms)
			DisableScriptedObjects (6ms)
			BackupInstance (0ms)
			ReleaseScriptingObjects (0ms)
			CreateAndSetChildDomain (38ms)
		EndReloadAssembly (1234ms)
			LoadAssemblies (110ms)
			RebuildTransferFunctionScriptingTraits (0ms)
			SetupTypeCache (604ms)
			ReleaseScriptCaches (1ms)
			RebuildScriptCaches (37ms)
			SetupLoadedEditorAssemblies (376ms)
				LogAssemblyErrors (0ms)
				InitializePlatformSupportModulesInManaged (5ms)
				SetLoadedEditorAssemblies (0ms)
				RefreshPlugins (1ms)
				BeforeProcessingInitializeOnLoad (79ms)
				ProcessInitializeOnLoadAttributes (272ms)
				ProcessInitializeOnLoadMethodAttributes (8ms)
				AfterProcessingInitializeOnLoad (11ms)
				EditorAssembliesLoaded (0ms)
			ExecutionOrderSort2 (0ms)
			AwakeInstancesAfterBackupRestoration (15ms)
Platform modules already initialized, skipping
Refreshing native plugins compatible for Editor in 1.33 ms, found 3 plugins.
Preloading 0 native plugins for Editor in 0.00 ms.
Unloading 3294 Unused Serialized files (Serialized files now loaded: 0)
System memory in use before: 152.8 MB.
System memory in use after: 153.0 MB.

Unloading 16 unused Assets to reduce memory usage. Loaded Objects now: 4059.
Total: 7.746700 ms (FindLiveObjects: 0.646100 ms CreateObjectMapping: 0.358800 ms MarkObjects: 6.693900 ms  DeleteObjects: 0.046300 ms)

AssetImportParameters requested are different than current active one (requested -> active):
  custom:framework-win-MediaFoundation: 216162199b28c13a410421893ffa2e32 -> 
  custom:video-decoder-ogg-theora: a1e56fd34408186e4bbccfd4996cb3dc -> 
  custom:container-muxer-webm: aa71ff27fc2769a1b78a27578f13a17b -> 
  custom:container-demuxer-webm: 4f35f7cbe854078d1ac9338744f61a02 -> 
  custom:container-demuxer-ogg: 62fdf1f143b41e24485cea50d1cbac27 -> 
  custom:video-encoder-webm-vp8: eb34c28f22e8b96e1ab97ce403110664 -> 
  custom:video-decoder-webm-vp8: 9c59270c3fd7afecdb556c50c9e8de78 -> 
  custom:audio-decoder-ogg-vorbis: bf7c407c2cedff20999df2af8eb42d56 -> 
  custom:audio-encoder-webm-vorbis: bf7c407c2cedff20999df2af8eb42d56 -> 
========================================================================
Received Import Request.
  Time since last request: 122.021891 seconds.
  path: Assets/Scripts/Ball.cs
  artifactKey: Guid(cc507c0aba6128d4493435500d7ea24b) Importer(815301076,1909f56bfc062723c751e8b465ee728b)
Start importing Assets/Scripts/Ball.cs using Guid(cc507c0aba6128d4493435500d7ea24b) Importer(815301076,1909f56bfc062723c751e8b465ee728b)  -> (artifact id: 'd38048f37f815dc3cd63a4778ccb22ae') in 0.017558 seconds 
AssetImportWorkerClient::OnTransportError - code=2 error=End of file
